
[2023-08-09 21:47:32.220]# RECV HEX>
0D 0A 50 49 44 09 30 78 41 30 35 33 0D 0A 46 57 09 31 36 31 0D 0A 53 45 52 23 09 48 51 32 31 30 34 56 4C 41 37 41 0D 0A 56 09 31 32 39 33 30 0D 0A 49 09 2D 39 30 0D 0A 56 50 56 09 31 38 30 0D 0A 50 50 56 09 30 0D 0A 43 53 09 30 0D 0A 4D 50 50 54 09 30 0D 0A 4F 52 09 30 78 30 30 30 30 30 30 30 31 0D 0A 45 52 52 09 30 0D 0A 4C 4F 41 44 09 4F 4E 0D 0A 49 4C 09 30 0D 0A 48 31 39 09 34 34 38 33 0D 0A 48 32 30 09 31 33 0D 0A 48 32 31 09 37 30 0D 0A 48 32 32 09 34 0D 0A 48 32 33 09 34 34 0D 0A 48 53 44 53 09 31 31 34 0D 0A 43 68 65 63 6B 73 75 6D 09 05 

[2023-08-09 21:47:33.201]# RECV HEX>
0D 0A 50 49 44 09 30 78 41 30 35 33 0D 0A 46 57 09 31 36 31 0D 0A 53 45 52 23 09 48 51 32 31 30 34 56 4C 41 37 41 0D 0A 56 09 31 32 39 33 30 0D 0A 49 09 2D 31 30 30 0D 0A 56 50 56 09 31 38 30 0D 0A 50 50 56 09 30 0D 0A 43 53 09 30 0D 0A 4D 50 50 54 09 30 0D 0A 4F 52 09 30 78 30 30 30 30 30 30 30 31 0D 0A 45 52 52 09 30 0D 0A 4C 4F 41 44 09 4F 4E 0D 0A 49 4C 09 31 30 30 0D 0A 48 31 39 09 34 34 38 33 0D 0A 48 32 30 09 31 33 0D 0A 48 32 31 09 37 30 0D 0A 48 32 32 09 34 0D 0A 48 32 33 09 34 34 0D 0A 48 53 44 53 09 31 31 34 0D 0A 43 68 65 63 6B 73 75 6D 09 7C 

[2023-08-09 21:47:34.201]# RECV HEX>
0D 0A 50 49 44 09 30 78 41 30 35 33 0D 0A 46 57 09 31 36 31 0D 0A 53 45 52 23 09 48 51 32 31 30 34 56 4C 41 37 41 0D 0A 56 09 31 32 39 32 30 0D 0A 49 09 2D 31 30 30 0D 0A 56 50 56 09 31 38 30 0D 0A 50 50 56 09 30 0D 0A 43 53 09 30 0D 0A 4D 50 50 54 09 30 0D 0A 4F 52 09 30 78 30 30 30 30 30 30 30 31 0D 0A 45 52 52 09 30 0D 0A 4C 4F 41 44 09 4F 4E 0D 0A 49 4C 09 31 30 30 0D 0A 48 31 39 09 34 34 38 33 0D 0A 48 32 30 09 31 33 0D 0A 48 32 31 09 37 30 0D 0A 48 32 32 09 34 0D 0A 48 32 33 09 34 34 0D 0A 48 53 44 53 09 31 31 34 0D 0A 43 68 65 63 6B 73 75 6D 09 7D 

[2023-08-09 21:47:35.196]# RECV HEX>
0D 0A 50 49 44 09 30 78 41 30 35 33 0D 0A 46 57 09 31 36 31 0D 0A 53 45 52 23 09 48 51 32 31 30 34 56 4C 41 37 41 0D 0A 56 09 31 32 39 33 30 0D 0A 49 09 2D 39 30 0D 0A 56 50 56 09 31 38 30 0D 0A 50 50 56 09 30 0D 0A 43 53 09 30 0D 0A 4D 50 50 54 09 30 0D 0A 4F 52 09 30 78 30 30 30 30 30 30 30 31 0D 0A 45 52 52 09 30 0D 0A 4C 4F 41 44 09 4F 4E 0D 0A 49 4C 09 30 0D 0A 48 31 39 09 34 34 38 33 0D 0A 48 32 30 09 31 33 0D 0A 48 32 31 09 37 30 0D 0A 48 32 32 09 34 0D 0A 48 32 33 09 34 34 0D 0A 48 53 44 53 09 31 31 34 0D 0A 43 68 65 63 6B 73 75 6D 09 05 

[2023-08-09 21:47:36.197]# RECV HEX>
0D 0A 50 49 44 09 30 78 41 30 35 33 0D 0A 46 57 09 31 36 31 0D 0A 53 45 52 23 09 48 51 32 31 30 34 56 4C 41 37 41 0D 0A 56 09 31 32 39 32 30 0D 0A 49 09 2D 31 30 30 0D 0A 56 50 56 09 31 38 30 0D 0A 50 50 56 09 30 0D 0A 43 53 09 30 0D 0A 4D 50 50 54 09 30 0D 0A 4F 52 09 30 78 30 30 30 30 30 30 30 31 0D 0A 45 52 52 09 30 0D 0A 4C 4F 41 44 09 4F 4E 0D 0A 49 4C 09 31 30 30 0D 0A 48 31 39 09 34 34 38 33 0D 0A 48 32 30 09 31 33 0D 0A 48 32 31 09 37 30 0D 0A 48 32 32 09 34 0D 0A 48 32 33 09 34 34 0D 0A 48 53 44 53 09 31 31 34 0D 0A 43 68 65 63 6B 73 75 6D 09 7D 

[2023-08-09 21:47:37.209]# RECV HEX>
0D 0A 50 49 44 09 30 78 41 30 35 33 0D 0A 46 57 09 31 36 31 0D 0A 53 45 52 23 09 48 51 32 31 30 34 56 4C 41 37 41 0D 0A 56 09 31 32 39 32 30 0D 0A 49 09 2D 39 30 0D 0A 56 50 56 09 31 38 30 0D 0A 50 50 56 09 30 0D 0A 43 53 09 30 0D 0A 4D 50 50 54 09 30 0D 0A 4F 52 09 30 78 30 30 30 30 30 30 30 31 0D 0A 45 52 52 09 30 0D 0A 4C 4F 41 44 09 4F 4E 0D 0A 49 4C 09 30 0D 0A 48 31 39 09 34 34 38 33 0D 0A 48 32 30 09 31 33 0D 0A 48 32 31 09 37 30 0D 0A 48 32 32 09 34 0D 0A 48 32 33 09 34 34 0D 0A 48 53 44 53 09 31 31 34 0D 0A 43 68 65 63 6B 73 75 6D 09 06 

[2023-08-09 21:47:38.206]# RECV HEX>
0D 0A 50 49 44 09 30 78 41 30 35 33 0D 0A 46 57 09 31 36 31 0D 0A 53 45 52 23 09 48 51 32 31 30 34 56 4C 41 37 41 0D 0A 56 09 31 32 39 32 30 0D 0A 49 09 2D 39 30 0D 0A 56 50 56 09 31 38 30 0D 0A 50 50 56 09 30 0D 0A 43 53 09 30 0D 0A 4D 50 50 54 09 30 0D 0A 4F 52 09 30 78 30 30 30 30 30 30 30 31 0D 0A 45 52 52 09 30 0D 0A 4C 4F 41 44 09 4F 4E 0D 0A 49 4C 09 30 0D 0A 48 31 39 09 34 34 38 33 0D 0A 48 32 30 09 31 33 0D 0A 48 32 31 09 37 30 0D 0A 48 32 32 09 34 0D 0A 48 32 33 09 34 34 0D 0A 48 53 44 53 09 31 31 34 0D 0A 43 68 65 63 6B 73 75 6D 09 06 

[2023-08-09 21:47:39.204]# RECV HEX>
0D 0A 50 49 44 09 30 78 41 30 35 33 0D 0A 46 57 09 31 36 31 0D 0A 53 45 52 23 09 48 51 32 31 30 34 56 4C 41 37 41 0D 0A 56 09 31 32 39 32 30 0D 0A 49 09 2D 31 30 30 0D 0A 56 50 56 09 31 38 30 0D 0A 50 50 56 09 30 0D 0A 43 53 09 30 0D 0A 4D 50 50 54 09 30 0D 0A 4F 52 09 30 78 30 30 30 30 30 30 30 31 0D 0A 45 52 52 09 30 0D 0A 4C 4F 41 44 09 4F 4E 0D 0A 49 4C 09 31 30 30 0D 0A 48 31 39 09 34 34 38 33 0D 0A 48 32 30 09 31 33 0D 0A 48 32 31 09 37 30 0D 0A 48 32 32 09 34 0D 0A 48 32 33 09 34 34 0D 0A 48 53 44 53 09 31 31 34 0D 0A 43 68 65 63 6B 73 75 6D 09 7D 

[2023-08-09 21:47:40.187]# RECV HEX>
0D 0A 50 49 44 09 30 78 41 30 35 33 0D 0A 46 57 09 31 36 31 0D 0A 53 45 52 23 09 48 51 32 31 30 34 56 4C 41 37 41 0D 0A 56 09 31 32 39 33 30 0D 0A 49 09 2D 31 30 30 0D 0A 56 50 56 09 31 38 30 0D 0A 50 50 56 09 30 0D 0A 43 53 09 30 0D 0A 4D 50 50 54 09 30 0D 0A 4F 52 09 30 78 30 30 30 30 30 30 30 31 0D 0A 45 52 52 09 30 0D 0A 4C 4F 41 44 09 4F 4E 0D 0A 49 4C 09 31 30 30 0D 0A 48 31 39 09 34 34 38 33 0D 0A 48 32 30 09 31 33 0D 0A 48 32 31 09 37 30 0D 0A 48 32 32 09 34 0D 0A 48 32 33 09 34 34 0D 0A 48 53 44 53 09 31 31 34 0D 0A 43 68 65 63 6B 73 75 6D 09 7C 

[2023-08-09 21:47:41.186]# RECV HEX>
0D 0A 50 49 44 09 30 78 41 30 35 33 0D 0A 46 57 09 31 36 31 0D 0A 53 45 52 23 09 48 51 32 31 30 34 56 4C 41 37 41 0D 0A 56 09 31 32 39 32 30 0D 0A 49 09 2D 39 30 0D 0A 56 50 56 09 31 37 30 0D 0A 50 50 56 09 30 0D 0A 43 53 09 30 0D 0A 4D 50 50 54 09 30 0D 0A 4F 52 09 30 78 30 30 30 30 30 30 30 31 0D 0A 45 52 52 09 30 0D 0A 4C 4F 41 44 09 4F 4E 0D 0A 49 4C 09 31 30 30 0D 0A 48 31 39 09 34 34 38 33 0D 0A 48 32 30 09 31 33 0D 0A 48 32 31 09 37 30 0D 0A 48 32 32 09 34 0D 0A 48 32 33 09 34 34 0D 0A 48 53 44 53 09 31 31 34 0D 0A 43 68 65 63 6B 73 75 6D 09 A6 

[2023-08-09 21:47:42.185]# RECV HEX>
0D 0A 50 49 44 09 30 78 41 30 35 33 0D 0A 46 57 09 31 36 31 0D 0A 53 45 52 23 09 48 51 32 31 30 34 56 4C 41 37 41 0D 0A 56 09 31 32 39 32 30 0D 0A 49 09 2D 31 30 30 0D 0A 56 50 56 09 31 36 30 0D 0A 50 50 56 09 30 0D 0A 43 53 09 30 0D 0A 4D 50 50 54 09 30 0D 0A 4F 52 09 30 78 30 30 30 30 30 30 30 31 0D 0A 45 52 52 09 30 0D 0A 4C 4F 41 44 09 4F 4E 0D 0A 49 4C 09 30 0D 0A 48 31 39 09 34 34 38 33 0D 0A 48 32 30 09 31 33 0D 0A 48 32 31 09 37 30 0D 0A 48 32 32 09 34 0D 0A 48 32 33 09 34 34 0D 0A 48 53 44 53 09 31 31 34 0D 0A 43 68 65 63 6B 73 75 6D 09 E0 

[2023-08-09 21:47:43.183]# RECV HEX>
0D 0A 50 49 44 09 30 78 41 30 35 33 0D 0A 46 57 09 31 36 31 0D 0A 53 45 52 23 09 48 51 32 31 30 34 56 4C 41 37 41 0D 0A 56 09 31 32 39 33 30 0D 0A 49 09 2D 31 31 30 0D 0A 56 50 56 09 31 36 30 0D 0A 50 50 56 09 30 0D 0A 43 53 09 30 0D 0A 4D 50 50 54 09 30 0D 0A 4F 52 09 30 78 30 30 30 30 30 30 30 31 0D 0A 45 52 52 09 30 0D 0A 4C 4F 41 44 09 4F 4E 0D 0A 49 4C 09 31 30 30 0D 0A 48 31 39 09 34 34 38 33 0D 0A 48 32 30 09 31 33 0D 0A 48 32 31 09 37 30 0D 0A 48 32 32 09 34 0D 0A 48 32 33 09 34 34 0D 0A 48 53 44 53 09 31 31 34 0D 0A 43 68 65 63 6B 73 75 6D 09 7D 
