=~=~=~=~=~=~=~=~=~=~=~= PuTTY log 2023.08.09 21:50:22 =~=~=~=~=~=~=~=~=~=~=~=

PID0xA053
FW161
SER#HQ2104VLA7A
V12930
I-90
VPV120
PPV0
CS0
MPPT0
OR0x00000001
ERR0
LOADON
IL100
H194483
H2013
H2170
H224
H2344
HSDS114
Checksum
PID0xA053
FW161
SER#HQ2104VLA7A
V12930
I-90
VPV120
PPV0
CS0
MPPT0
OR0x00000001
ERR0
LOADON
IL100
H194483
H2013
H2170
H224
H2344
HSDS114
Checksum
PID0xA053
FW161
SER#HQ2104VLA7A
V12920
I-110
VPV120
PPV0
CS0
MPPT0
OR0x00000001
ERR0
LOADON
IL100
H194483
H2013
H2170
H224
H2344
HSDS114
Checksum
PID0xA053
FW161
SER#HQ2104VLA7A
V12920
I-100
VPV140
PPV0
CS0
MPPT0
OR0x00000001
ERR0
LOADON
IL100
H194483
H2013
H2170
H224
H2344
HSDS114
Checksum
PID0xA053
FW161
SER#HQ2104VLA7A
V12930
I-100
VPV180
PPV0
CS0
MPPT0
OR0x00000001
ERR0
LOADON
IL100
H194483
H2013
H2170
H224
H2344
HSDS114
Checksum|
PID0xA053
FW161
SER#HQ2104VLA7A
V12930
I-110
VPV290
PPV0
CS0
MPPT0
OR0x00000001
ERR0
LOADON
IL100
H194483
H2013
H2170
H224
H2344
HSDS114
Checksumy
PID0xA053
FW161
SER#HQ2104VLA7A
V12930
I-100
VPV270
PPV0
CS0
MPPT0
OR0x00000001
ERR0
LOADON
IL100
H194483
H2013
H2170
H224
H2344
HSDS114
Checksum|
PID0xA053
FW161
SER#HQ2104VLA7A
V12930
I-100
VPV250
PPV0
CS0
MPPT0
OR0x00000001
ERR0
LOADON
IL100
H194483
H2013
H2170
H224
H2344
HSDS114
Checksum~
PID0xA053
FW161
SER#HQ2104VLA7A
V12930
I-100
VPV400
PPV0
CS0
MPPT0
OR0x00000001
ERR0
LOADON
IL0
H194483
H2013
H2170
H224
H2344
HSDS114
Checksum
PID0xA053
FW161
SER#HQ2104VLA7A
V12930
I-110
VPV140
PPV0
CS0
MPPT0
OR0x00000001
ERR0
LOADON
IL0
H194483
H2013
H2170
H224
H2344
HSDS114
Checksum
PID0xA053
FW161
SER#HQ2104VLA7A
V12930
I-100
VPV120
PPV0
CS0
MPPT0
OR0x00000001
ERR0
LOADON
IL100
H194483
H2013
H2170
H224
H2344
HSDS114
Checksum
PID0xA053
FW161
SER#HQ2104VLA7A
V12930
I-100
VPV120
PPV0
CS0
MPPT0
OR0x00000001
ERR0
LOADON
IL100
H194483
H2013
H2170
H224
H2344
HSDS114
Checksum
PID0xA053
FW161
SER#HQ2104VLA7A
V12930
I-100
VPV120
PPV0
CS0
MPPT0
OR0x00000001
ERR0
LOADON
IL100
H194483
H2013
H2170
H224
H2344
HSDS114
Checksum
PID0xA053
FW161
SER#HQ2104VLA7A
V12930
I-100
VPV120
PPV0
CS0
MPPT0
OR0x00000001
ERR0
LOADON
IL100
H194483
H2013
H2170
H224
H2344
HSDS114
Checksum
PID0xA053
FW161
SER#HQ2104VLA7A
V12930
I-100
VPV120
PPV0
CS0
MPPT0
OR0x00000001
ERR0
LOADON
IL100
H194483
H2013
H2170
H224
H2344
HSDS114
Checksum
PID0xA053
FW161
SER#HQ2104VLA7A
V12930
I-90
VPV120
PPV0
CS0
MPPT0
OR0x00000001
ERR0
LOADON
IL0
H194483
H2013
H2170
H224
H2344
HSDS114
Checksum